<?xml version="1.0" encoding="UTF-8"?>
<!-- Generated by org.testng.reporters.JUnitXMLReporter -->
<testsuite ignored="0" hostname="DESKTOP-A59KFL9" failures="1" tests="8" name="AeTest" time="145.281" errors="0" timestamp="21 Jun 2020 23:01:58 GMT">
  <testcase classname="sample.tests.kickoff.ae.AEMainTest" name="Sheet Name:AELandingPageTestCase_TestCase Name:validate main page Title" time="39.812"/>
  <testcase classname="sample.tests.kickoff.ae.AEMainTest" name="Sheet Name:AELandingPageTestCase_TestCase Name:validate main page Links AE logo" time="45.378"/>
  <testcase classname="sample.tests.kickoff.ae.AEMainTest" name="Sheet Name:AELandingPageTestCase_TestCase Name:validate main page Links_checkout" time="29.191"/>
  <testcase classname="sample.tests.kickoff.ae.AEMainTest" name="Sheet Name:AELandingPageTestCase_TestCase Name:validate main page Links_Aerie logo" time="34.927"/>
  <testcase classname="sample.tests.kickoff.ae.AEMainTest" name="Sheet Name:AELandingPageTestCase_TestCase Name:validate main page Links_men" time="38.779"/>
  <testcase classname="sample.tests.kickoff.ae.AEMainTest" name="Sheet Name:AELandingPageTestCase_TestCase Name:validate main page Links_women" time="40.276">
    <failure/>
  </testcase> <!-- Sheet Name:AELandingPageTestCase_TestCase Name:validate main page Links_women -->
  <testcase classname="sample.tests.kickoff.ae.AEMainTest" name="Sheet Name:AELandingPageTestCase_TestCase Name:validate main page Links_tailgate" time="30.77"/>
  <testcase classname="sample.tests.kickoff.ae.AEMainTest" name="Sheet Name:AELandingPageTestCase_TestCase Name:validate main page Links_clearance" time="30.271"/>
</testsuite> <!-- AeTest -->
